Testing checkpoint: models/gcn-1047-20231124-042611-48k.pt
Using device: cuda:0
Evaluating model...
Using backend: sox_io
Dilations: [1, 512]
Configuration name: gcn-1047
Receptive field: 50275 samples or 1047.4 ms
Parameters: 211.584 k
Numba needs NumPy 1.25 or less
Try `pip install auraloss[all]`.
Done.

Testing checkpoint: models/gcn-1047-c00-20231124-182507-48k.pt
Using device: cuda:0
Evaluating model...
Using backend: sox_io
Dilations: [1, 512]
Configuration name: gcn-1047-c00
Receptive field: 50275 samples or 1047.4 ms
Parameters: 211.584 k
Numba needs NumPy 1.25 or less
Try `pip install auraloss[all]`.
Done.

Testing checkpoint: models/gcn-10-64-4-13-20231127-141328-48k.pt
Using device: cuda:0
Evaluating model...
Using backend: sox_io
Dilations: [1, 4, 16, 64, 256, 1024, 4096, 16384, 65536, 262144]
Configuration name: gcn-10-64-4-13
Receptive field: 4194301 samples or 87381.3 ms
Parameters: 1011.200 k
Numba needs NumPy 1.25 or less
Try `pip install auraloss[all]`.
Done.

Testing checkpoint: models/gcn-10-64-4-13-20231127-144353-48k.pt
Using device: cuda:0
Evaluating model...
Using backend: sox_io
Dilations: [1, 4, 16, 64, 256, 1024, 4096, 16384]
Configuration name: gcn-10-64-4-13
Receptive field: 262141 samples or 5461.3 ms
Parameters: 787.200 k
Numba needs NumPy 1.25 or less
Try `pip install auraloss[all]`.
Done.

Testing checkpoint: models/gcn-1500-20231122-132336-48k.pt
Using device: cuda:0
Evaluating model...
Using backend: sox_io
Dilations: [1, 8, 64, 512, 4096, 32768]
Configuration name: gcn-1500
Receptive field: 74899 samples or 1560.4 ms
Parameters: 40.320 k
Numba needs NumPy 1.25 or less
Try `pip install auraloss[all]`.
Done.

Testing checkpoint: models/gcn-1500-test-20231124-044221-48k.pt
Using device: cuda:0
Evaluating model...
Using backend: sox_io
Dilations: [1, 8, 64, 512, 4096, 32768]
Configuration name: gcn-1500-test
Receptive field: 74899 samples or 1560.4 ms
Parameters: 40.320 k
Numba needs NumPy 1.25 or less
Try `pip install auraloss[all]`.
Done.

Testing checkpoint: models/gcn-2.5-20231123-213455-48k.pt
Using device: cuda:0
Evaluating model...
Using backend: sox_io
Dilations: [1, 2, 4, 8, 16, 32]
Configuration name: gcn-2.5
Receptive field: 127 samples or 2.6 ms
Parameters: 40.320 k
Numba needs NumPy 1.25 or less
Try `pip install auraloss[all]`.
Done.

Testing checkpoint: models/gcn-2750-20231122-030721-48k.pt
Using device: cuda:0
Evaluating model...
Using backend: sox_io
Dilations: [1, 9, 81, 729, 6561, 59049]
Configuration name: gcn-2750
Receptive field: 132861 samples or 2767.9 ms
Parameters: 152.320 k
Numba needs NumPy 1.25 or less
Try `pip install auraloss[all]`.
Done.

Testing checkpoint: models/gcn-3250-20231120-232431-48k.pt
Using device: cuda:0
Evaluating model...
Using backend: sox_io
Dilations: [1, 5, 25, 125, 625, 3125]
Configuration name: gcn-3250
Receptive field: 156241 samples or 3255.0 ms
Parameters: 431.872 k
Numba needs NumPy 1.25 or less
Try `pip install auraloss[all]`.
Done.

Testing checkpoint: models/gcn-3250-test-film-20231124-082740-48k.pt
Using device: cuda:0
Evaluating model...
Using backend: sox_io
Dilations: [1, 5, 25, 125, 625, 3125]
Configuration name: gcn-3250-test-film
Receptive field: 156241 samples or 3255.0 ms
Parameters: 431.872 k
Numba needs NumPy 1.25 or less
Try `pip install auraloss[all]`.
Done.

Testing checkpoint: models/gcn-4600-20231122-031250-48k.pt
Using device: cuda:0
Evaluating model...
Using backend: sox_io
Dilations: [1, 10, 100, 1000, 10000, 100000]
Configuration name: gcn-4600
Receptive field: 222223 samples or 4629.6 ms
Parameters: 40.320 k
Numba needs NumPy 1.25 or less
Try `pip install auraloss[all]`.
Done.

Testing checkpoint: models/gcn-500-k99-20231123-215316-48k.pt
Using device: cuda:0
Evaluating model...
Using backend: sox_io
Dilations: [1, 256]
Configuration name: gcn-500-k99
Receptive field: 25187 samples or 524.7 ms
Parameters: 211.584 k
Numba needs NumPy 1.25 or less
Try `pip install auraloss[all]`.
Done.

Testing checkpoint: models/gcn-test-05-k3-20231123-143400-48k.pt
Using device: cuda:0
Evaluating model...
Using backend: sox_io
Dilations: [1, 2, 4, 8, 16, 32]
Configuration name: gcn-test-05-k3
Receptive field: 127 samples or 2.6 ms
Parameters: 40.320 k
Numba needs NumPy 1.25 or less
Try `pip install auraloss[all]`.
Done.

Testing checkpoint: models/gcn-test-20231123-112723-48k.pt
Using device: cuda:0
Evaluating model...
Using backend: sox_io
Dilations: [1, 8]
Configuration name: gcn-test
Receptive field: 361 samples or 7.5 ms
Parameters: 89.088 k
Numba needs NumPy 1.25 or less
Try `pip install auraloss[all]`.
Done.

Testing checkpoint: models/gru-128-maxpool-20231126-073907-48k.pt
Using device: cuda:0
Evaluating model...
Using backend: sox_io
Configuration name: gru-128-maxpool
Parameters: 398.208 k
Numba needs NumPy 1.25 or less
Try `pip install auraloss[all]`.
Done.

Testing checkpoint: models/gru-128-maxpool-20231126-080822-48k.pt
Using device: cuda:0
Evaluating model...
Using backend: sox_io
Configuration name: gru-128-maxpool
Parameters: 398.208 k
Numba needs NumPy 1.25 or less
Try `pip install auraloss[all]`.
Done.

Testing checkpoint: models/gru-32-maxpool-20231124-182117-48k.pt
Using device: cuda:0
Evaluating model...
Using backend: sox_io
Configuration name: gru-32-maxpool
Parameters: 25.824 k
Numba needs NumPy 1.25 or less
Try `pip install auraloss[all]`.
Done.

